
SQL*Loader: Release 11.2.0.2.0 - Production on Tue Mar 1 06:56:46 2022

Copyright (c) 1982, 2009, Oracle and/or its affiliates.  All rights reserved.

Control File:   ctl/customer.ctl
Data File:      csv/customer.csv
  Bad File:     bad/customer.bad
  Discard File:  none specified
 
 (Allow all discards)

Number to load: ALL
Number to skip: 0
Errors allowed: 50
Bind array:     64 rows, maximum of 256000 bytes
Continuation:    none specified
Path used:      Conventional

Table CUSTOMER, loaded from every logical record.
Insert option in effect for this table: INSERT

   Column Name                  Position   Len  Term Encl Datatype
------------------------------ ---------- ----- ---- ---- ---------------------
CUST_ID                             FIRST     *   ,  O(") CHARACTER            
CUST_NAME                            NEXT     *   ,  O(") CHARACTER            
CITY                                 NEXT     *   ,  O(") CHARACTER            
COUNTRY                              NEXT     *   ,  O(") CHARACTER            
BEG_BAL                              NEXT     *   ,  O(") CHARACTER            
CUR_BAL                              NEXT     *   ,  O(") CHARACTER            


Table CUSTOMER:
  4 Rows successfully loaded.
  0 Rows not loaded due to data errors.
  0 Rows not loaded because all WHEN clauses were failed.
  0 Rows not loaded because all fields were null.


Space allocated for bind array:                  99072 bytes(64 rows)
Read   buffer bytes: 1048576

Total logical records skipped:          0
Total logical records read:             4
Total logical records rejected:         0
Total logical records discarded:        0

Run began on Tue Mar 01 06:56:46 2022
Run ended on Tue Mar 01 06:56:46 2022

Elapsed time was:     00:00:00.03
CPU time was:         00:00:00.01
